2024-01-24 12:13:57,663 [DEBUG] urllib3.connectionpool: Starting new HTTPS connection (1): api.binance.com:443
2024-01-24 12:13:58,232 [DEBUG] urllib3.connectionpool: https://api.binance.com:443 "GET /api/v3/time HTTP/1.1" 200 28
2024-01-24 12:13:58,240 [DEBUG] urllib3.connectionpool: Starting new HTTPS connection (1): api.binance.com:443
2024-01-24 12:13:59,011 [DEBUG] urllib3.connectionpool: https://api.binance.com:443 "GET /api/v3/klines?symbol=BTCUSDT&interval=1s&startTime=1706109236994&endTime=1706109237994&limit=1 HTTP/1.1" 200 163
2024-01-24 12:13:59,017 [DEBUG] urllib3.connectionpool: Starting new HTTPS connection (1): api.binance.com:443
2024-01-24 12:13:59,870 [DEBUG] urllib3.connectionpool: https://api.binance.com:443 "GET /api/v3/aggTrades?symbol=BTCUSDT&startTime=1706109177994&endTime=1706109237994&limit=1000 HTTP/1.1" 200 14839
2024-01-24 12:13:59,879 [DEBUG] urllib3.connectionpool: Starting new HTTPS connection (1): api.binance.com:443
2024-01-24 12:14:00,792 [DEBUG] urllib3.connectionpool: https://api.binance.com:443 "GET /api/v3/aggTrades?symbol=BTCUSDT&startTime=1706109117994&endTime=1706109177994&limit=1000 HTTP/1.1" 200 13448
2024-01-24 12:14:00,803 [DEBUG] urllib3.connectionpool: Starting new HTTPS connection (1): api.binance.com:443
2024-01-24 12:14:01,514 [DEBUG] urllib3.connectionpool: https://api.binance.com:443 "GET /api/v3/aggTrades?symbol=BTCUSDT&startTime=1706109057994&endTime=1706109117994&limit=1000 HTTP/1.1" 200 13291
2024-01-24 12:14:01,524 [DEBUG] urllib3.connectionpool: Starting new HTTPS connection (1): api.binance.com:443
2024-01-24 12:14:02,431 [DEBUG] urllib3.connectionpool: https://api.binance.com:443 "GET /api/v3/aggTrades?symbol=BTCUSDT&startTime=1706108997994&endTime=1706109057994&limit=1000 HTTP/1.1" 200 14861
2024-01-24 12:14:02,442 [DEBUG] urllib3.connectionpool: Starting new HTTPS connection (1): api.binance.com:443
2024-01-24 12:14:02,985 [DEBUG] urllib3.connectionpool: https://api.binance.com:443 "GET /api/v3/aggTrades?symbol=BTCUSDT&startTime=1706108937994&endTime=1706108997994&limit=1000 HTTP/1.1" 200 12869
2024-01-24 12:14:02,995 [DEBUG] urllib3.connectionpool: Starting new HTTPS connection (1): api.binance.com:443
2024-01-24 12:14:03,506 [DEBUG] urllib3.connectionpool: https://api.binance.com:443 "GET /api/v3/klines?symbol=BTCUSDT&interval=1s&startTime=1706108936994&endTime=1706108937994&limit=1 HTTP/1.1" 200 158
2024-01-24 12:14:03,516 [DEBUG] urllib3.connectionpool: Starting new HTTPS connection (1): api.binance.com:443
2024-01-24 12:14:04,027 [DEBUG] urllib3.connectionpool: https://api.binance.com:443 "GET /api/v3/klines?symbol=BTCUSDT&interval=1s&startTime=1706108936994&endTime=1706108937994&limit=1 HTTP/1.1" 200 158
2024-01-24 12:14:04,033 [DEBUG] urllib3.connectionpool: Starting new HTTPS connection (1): api.binance.com:443
2024-01-24 12:14:04,546 [DEBUG] urllib3.connectionpool: https://api.binance.com:443 "GET /api/v3/aggTrades?symbol=BTCUSDT&startTime=1706108877994&endTime=1706108937994&limit=1000 HTTP/1.1" 200 13071
2024-01-24 12:14:04,554 [DEBUG] urllib3.connectionpool: Starting new HTTPS connection (1): api.binance.com:443
2024-01-24 12:14:05,067 [DEBUG] urllib3.connectionpool: https://api.binance.com:443 "GET /api/v3/aggTrades?symbol=BTCUSDT&startTime=1706108817994&endTime=1706108877994&limit=1000 HTTP/1.1" 200 13463
2024-01-24 12:14:05,076 [DEBUG] urllib3.connectionpool: Starting new HTTPS connection (1): api.binance.com:443
2024-01-24 12:14:05,593 [DEBUG] urllib3.connectionpool: https://api.binance.com:443 "GET /api/v3/aggTrades?symbol=BTCUSDT&startTime=1706108757994&endTime=1706108817994&limit=1000 HTTP/1.1" 200 15154
2024-01-24 12:14:05,605 [DEBUG] urllib3.connectionpool: Starting new HTTPS connection (1): api.binance.com:443
2024-01-24 12:14:06,118 [DEBUG] urllib3.connectionpool: https://api.binance.com:443 "GET /api/v3/aggTrades?symbol=BTCUSDT&startTime=1706108697994&endTime=1706108757994&limit=1000 HTTP/1.1" 200 13784
2024-01-24 12:14:06,130 [DEBUG] urllib3.connectionpool: Starting new HTTPS connection (1): api.binance.com:443
2024-01-24 12:14:06,650 [DEBUG] urllib3.connectionpool: https://api.binance.com:443 "GET /api/v3/aggTrades?symbol=BTCUSDT&startTime=1706108637994&endTime=1706108697994&limit=1000 HTTP/1.1" 200 14856
2024-01-24 12:14:06,661 [DEBUG] urllib3.connectionpool: Starting new HTTPS connection (1): api.binance.com:443
2024-01-24 12:14:07,165 [DEBUG] urllib3.connectionpool: https://api.binance.com:443 "GET /api/v3/klines?symbol=BTCUSDT&interval=1s&startTime=1706108636994&endTime=1706108637994&limit=1 HTTP/1.1" 200 161
2024-01-24 12:14:07,195 [DEBUG] urllib3.connectionpool: Starting new HTTPS connection (1): api.binance.com:443
2024-01-24 12:14:07,701 [DEBUG] urllib3.connectionpool: https://api.binance.com:443 "GET /api/v3/klines?symbol=BTCUSDT&interval=1s&startTime=1706108636994&endTime=1706108637994&limit=1 HTTP/1.1" 200 161
2024-01-24 12:14:07,707 [DEBUG] urllib3.connectionpool: Starting new HTTPS connection (1): api.binance.com:443
2024-01-24 12:14:08,234 [DEBUG] urllib3.connectionpool: https://api.binance.com:443 "GET /api/v3/aggTrades?symbol=BTCUSDT&startTime=1706108577994&endTime=1706108637994&limit=1000 HTTP/1.1" 200 12986
2024-01-24 12:14:08,242 [DEBUG] urllib3.connectionpool: Starting new HTTPS connection (1): api.binance.com:443
2024-01-24 12:14:08,771 [DEBUG] urllib3.connectionpool: https://api.binance.com:443 "GET /api/v3/aggTrades?symbol=BTCUSDT&startTime=1706108517994&endTime=1706108577994&limit=1000 HTTP/1.1" 200 15290
2024-01-24 12:14:08,782 [DEBUG] urllib3.connectionpool: Starting new HTTPS connection (1): api.binance.com:443
2024-01-24 12:14:09,295 [DEBUG] urllib3.connectionpool: https://api.binance.com:443 "GET /api/v3/aggTrades?symbol=BTCUSDT&startTime=1706108457994&endTime=1706108517994&limit=1000 HTTP/1.1" 200 15190
2024-01-24 12:14:09,305 [DEBUG] urllib3.connectionpool: Starting new HTTPS connection (1): api.binance.com:443
2024-01-24 12:14:09,832 [DEBUG] urllib3.connectionpool: https://api.binance.com:443 "GET /api/v3/aggTrades?symbol=BTCUSDT&startTime=1706108397994&endTime=1706108457994&limit=1000 HTTP/1.1" 200 15370
2024-01-24 12:14:09,843 [DEBUG] urllib3.connectionpool: Starting new HTTPS connection (1): api.binance.com:443
2024-01-24 12:14:10,357 [DEBUG] urllib3.connectionpool: https://api.binance.com:443 "GET /api/v3/aggTrades?symbol=BTCUSDT&startTime=1706108337994&endTime=1706108397994&limit=1000 HTTP/1.1" 200 15001
2024-01-24 12:14:10,368 [DEBUG] urllib3.connectionpool: Starting new HTTPS connection (1): api.binance.com:443
2024-01-24 12:14:10,874 [DEBUG] urllib3.connectionpool: https://api.binance.com:443 "GET /api/v3/klines?symbol=BTCUSDT&interval=1s&startTime=1706108336994&endTime=1706108337994&limit=1 HTTP/1.1" 200 160
2024-01-24 12:14:10,887 [DEBUG] urllib3.connectionpool: Starting new HTTPS connection (1): api.binance.com:443
2024-01-24 12:14:11,404 [DEBUG] urllib3.connectionpool: https://api.binance.com:443 "GET /api/v3/klines?symbol=BTCUSDT&interval=1s&startTime=1706108336994&endTime=1706108337994&limit=1 HTTP/1.1" 200 160
2024-01-24 12:14:11,410 [DEBUG] urllib3.connectionpool: Starting new HTTPS connection (1): api.binance.com:443
2024-01-24 12:14:11,929 [DEBUG] urllib3.connectionpool: https://api.binance.com:443 "GET /api/v3/aggTrades?symbol=BTCUSDT&startTime=1706108277994&endTime=1706108337994&limit=1000 HTTP/1.1" 200 14665
2024-01-24 12:14:11,938 [DEBUG] urllib3.connectionpool: Starting new HTTPS connection (1): api.binance.com:443
2024-01-24 12:14:12,453 [DEBUG] urllib3.connectionpool: https://api.binance.com:443 "GET /api/v3/aggTrades?symbol=BTCUSDT&startTime=1706108217994&endTime=1706108277994&limit=1000 HTTP/1.1" 200 14754
2024-01-24 12:14:12,463 [DEBUG] urllib3.connectionpool: Starting new HTTPS connection (1): api.binance.com:443
2024-01-24 12:14:12,971 [DEBUG] urllib3.connectionpool: https://api.binance.com:443 "GET /api/v3/aggTrades?symbol=BTCUSDT&startTime=1706108157994&endTime=1706108217994&limit=1000 HTTP/1.1" 200 15122
2024-01-24 12:14:12,981 [DEBUG] urllib3.connectionpool: Starting new HTTPS connection (1): api.binance.com:443
2024-01-24 12:14:13,497 [DEBUG] urllib3.connectionpool: https://api.binance.com:443 "GET /api/v3/aggTrades?symbol=BTCUSDT&startTime=1706108097994&endTime=1706108157994&limit=1000 HTTP/1.1" 200 14937
2024-01-24 12:14:13,508 [DEBUG] urllib3.connectionpool: Starting new HTTPS connection (1): api.binance.com:443
2024-01-24 12:14:14,337 [DEBUG] urllib3.connectionpool: https://api.binance.com:443 "GET /api/v3/aggTrades?symbol=BTCUSDT&startTime=1706108037994&endTime=1706108097994&limit=1000 HTTP/1.1" 200 14988
2024-01-24 12:14:14,342 [DEBUG] urllib3.connectionpool: Starting new HTTPS connection (1): api.binance.com:443
2024-01-24 12:14:15,480 [DEBUG] urllib3.connectionpool: https://api.binance.com:443 "GET /api/v3/klines?symbol=BTCUSDT&interval=1s&startTime=1706108036994&endTime=1706108037994&limit=1 HTTP/1.1" 200 161
2024-01-24 12:14:15,490 [DEBUG] urllib3.connectionpool: Starting new HTTPS connection (1): api.binance.com:443
2024-01-24 12:14:15,950 [DEBUG] urllib3.connectionpool: https://api.binance.com:443 "GET /api/v3/klines?symbol=BTCUSDT&interval=1s&startTime=1706108036994&endTime=1706108037994&limit=1 HTTP/1.1" 200 161
2024-01-24 12:14:15,956 [DEBUG] urllib3.connectionpool: Starting new HTTPS connection (1): api.binance.com:443
2024-01-24 12:14:16,424 [DEBUG] urllib3.connectionpool: https://api.binance.com:443 "GET /api/v3/aggTrades?symbol=BTCUSDT&startTime=1706107977994&endTime=1706108037994&limit=1000 HTTP/1.1" 200 14617
2024-01-24 12:14:16,429 [DEBUG] urllib3.connectionpool: Starting new HTTPS connection (1): api.binance.com:443
2024-01-24 12:14:17,244 [DEBUG] urllib3.connectionpool: https://api.binance.com:443 "GET /api/v3/aggTrades?symbol=BTCUSDT&startTime=1706107917994&endTime=1706107977994&limit=1000 HTTP/1.1" 200 14982
2024-01-24 12:14:17,250 [DEBUG] urllib3.connectionpool: Starting new HTTPS connection (1): api.binance.com:443
2024-01-24 12:14:17,738 [DEBUG] urllib3.connectionpool: https://api.binance.com:443 "GET /api/v3/aggTrades?symbol=BTCUSDT&startTime=1706107857994&endTime=1706107917994&limit=1000 HTTP/1.1" 200 15242
2024-01-24 12:14:17,749 [DEBUG] urllib3.connectionpool: Starting new HTTPS connection (1): api.binance.com:443
2024-01-24 12:14:18,261 [DEBUG] urllib3.connectionpool: https://api.binance.com:443 "GET /api/v3/aggTrades?symbol=BTCUSDT&startTime=1706107797994&endTime=1706107857994&limit=1000 HTTP/1.1" 200 15203
2024-01-24 12:14:18,272 [DEBUG] urllib3.connectionpool: Starting new HTTPS connection (1): api.binance.com:443
2024-01-24 12:14:18,786 [DEBUG] urllib3.connectionpool: https://api.binance.com:443 "GET /api/v3/aggTrades?symbol=BTCUSDT&startTime=1706107737994&endTime=1706107797994&limit=1000 HTTP/1.1" 200 14791
2024-01-24 12:14:18,798 [DEBUG] urllib3.connectionpool: Starting new HTTPS connection (1): api.binance.com:443
2024-01-24 12:16:56,559 [ERROR] crypto_data_etl: failed to get a data chunk, re-trying
Traceback (most recent call last):
  File "/home/kap/first_de_project/main.py", line 64, in fill_dataset
    if chunk_df == None:
  File "/home/kap/first_de_project/de_project_env/lib/python3.11/site-packages/pandas/core/generic.py", line 1576, in __nonzero__
    raise ValueError(
ValueError: The truth value of a DataFrame is ambiguous. Use a.empty, a.bool(), a.item(), a.any() or a.all().
